<?xml version="1.0" encoding="UTF-8"?>
<!-- Generated by org.testng.reporters.JUnitReportReporter -->
<testsuite hostname="Hariprasad" failures="0" tests="6" name="com.gh.tests.DDTests" time="12.053" errors="0" timestamp="2023-09-19T10:45:38 IST" skipped="0">
  <testcase classname="com.gh.tests.DDTests" name="testPostuser" time="1.593"/>
  <testcase classname="com.gh.tests.DDTests" name="testPostuser" time="4.100"/>
  <testcase classname="com.gh.tests.DDTests" name="testPostuser" time="1.527"/>
  <testcase classname="com.gh.tests.DDTests" name="testDeleteUserByName" time="1.643"/>
  <testcase classname="com.gh.tests.DDTests" name="testDeleteUserByName" time="1.609"/>
  <testcase classname="com.gh.tests.DDTests" name="testDeleteUserByName" time="1.581"/>
</testsuite> <!-- com.gh.tests.DDTests -->
