<?xml version="1.0" encoding="UTF-8"?>
<!-- Generated by org.testng.reporters.JUnitReportReporter -->
<testsuite hostname="Hariprasad" failures="0" tests="4" name="com.gh.tests.UserTests" time="11.070" errors="0" timestamp="2023-09-19T11:53:06 IST" skipped="0">
  <testcase classname="com.gh.tests.UserTests" name="testPostUser" time="4.711"/>
  <testcase classname="com.gh.tests.UserTests" name="testGetUserByName" time="1.688"/>
  <testcase classname="com.gh.tests.UserTests" name="testUpdateUserByName" time="3.140"/>
  <testcase classname="com.gh.tests.UserTests" name="testDeleteUserByName" time="1.531"/>
</testsuite> <!-- com.gh.tests.UserTests -->
