<?xml version="1.0" encoding="UTF-8"?>
<!-- Generated by org.testng.reporters.JUnitReportReporter -->
<testsuite hostname="Hariprasad" failures="0" tests="6" name="com.gh.tests.DDTests" time="13.769" errors="0" timestamp="2023-09-19T11:10:20 IST" skipped="0">
  <testcase classname="com.gh.tests.DDTests" name="testPostuser" time="5.634"/>
  <testcase classname="com.gh.tests.DDTests" name="testPostuser" time="1.544"/>
  <testcase classname="com.gh.tests.DDTests" name="testPostuser" time="1.632"/>
  <testcase classname="com.gh.tests.DDTests" name="testDeleteUserByName" time="1.540"/>
  <testcase classname="com.gh.tests.DDTests" name="testDeleteUserByName" time="1.817"/>
  <testcase classname="com.gh.tests.DDTests" name="testDeleteUserByName" time="1.602"/>
</testsuite> <!-- com.gh.tests.DDTests -->
